TIME:0
BUS:
position:0
target:00000
STATION:
clockwise:00000
counterclockwise:00000
TIME:1
BUS:
position:0
target:00000
STATION:
clockwise:00000
counterclockwise:00000
TIME:2
BUS:
position:14
target:00000
STATION:
clockwise:00000
counterclockwise:00101
TIME:3
BUS:
position:13
target:00000
STATION:
clockwise:00010
counterclockwise:10101
TIME:4
BUS:
position:12
target:00000
STATION:
clockwise:00010
counterclockwise:10101
TIME:5
BUS:
position:12
target:00000
STATION:
clockwise:00010
counterclockwise:10100
TIME:6
BUS:
position:11
target:00000
STATION:
clockwise:00010
counterclockwise:10100
TIME:7
BUS:
position:10
target:00000
STATION:
clockwise:00010
counterclockwise:10100
TIME:8
BUS:
position:9
target:00000
STATION:
clockwise:00010
counterclockwise:10100
TIME:9
BUS:
position:9
target:00000
STATION:
clockwise:00000
counterclockwise:10100
TIME:10
BUS:
position:8
target:00000
STATION:
clockwise:00000
counterclockwise:10100
TIME:11
BUS:
position:7
target:00000
STATION:
clockwise:00000
counterclockwise:10100
TIME:12
BUS:
position:6
target:00000
STATION:
clockwise:00000
counterclockwise:10100
TIME:13
BUS:
position:6
target:00000
STATION:
clockwise:00000
counterclockwise:10000
TIME:14
BUS:
position:5
target:00000
STATION:
clockwise:00000
counterclockwise:10001
TIME:15
BUS:
position:4
target:00000
STATION:
clockwise:00000
counterclockwise:10001
TIME:16
BUS:
position:3
target:00000
STATION:
clockwise:00000
counterclockwise:10001
TIME:17
BUS:
position:2
target:00000
STATION:
clockwise:00000
counterclockwise:10001
TIME:18
BUS:
position:1
target:00000
STATION:
clockwise:00000
counterclockwise:10001
TIME:19
BUS:
position:0
target:00000
STATION:
clockwise:00000
counterclockwise:10001
TIME:20
BUS:
position:0
target:00000
STATION:
clockwise:00000
counterclockwise:00001
TIME:21
BUS:
position:14
target:00000
STATION:
clockwise:00000
counterclockwise:00001
TIME:22
BUS:
position:13
target:00000
STATION:
clockwise:00000
counterclockwise:00001
TIME:23
BUS:
position:12
target:00000
STATION:
clockwise:00000
counterclockwise:00001
TIME:24
BUS:
position:12
target:00000
STATION:
clockwise:00000
counterclockwise:00000
TIME:25
BUS:
position:12
target:00000
STATION:
clockwise:00000
counterclockwise:00000
TIME:26
BUS:
position:13
target:00000
STATION:
clockwise:10000
counterclockwise:00000
TIME:27
BUS:
position:14
target:10000
STATION:
clockwise:10000
counterclockwise:00000
TIME:28
BUS:
position:0
target:10000
STATION:
clockwise:10000
counterclockwise:10000
TIME:29
BUS:
position:0
target:00000
STATION:
clockwise:00000
counterclockwise:00000
TIME:30
BUS:
position:0
target:00000
STATION:
clockwise:00000
counterclockwise:00000
end
