TIME:0
BUS:
position:0
target:0000000000
STATION:
clockwise:0000000000
counterclockwise:0000000000
TIME:1
BUS:
position:0
target:0000000000
STATION:
clockwise:0000000000
counterclockwise:0000000000
TIME:2
BUS:
position:19
target:0000000000
STATION:
clockwise:0000000000
counterclockwise:0000000100
TIME:3
BUS:
position:18
target:0000000000
STATION:
clockwise:0000000000
counterclockwise:0000000100
TIME:4
BUS:
position:17
target:0000000000
STATION:
clockwise:0000000000
counterclockwise:0000000110
TIME:5
BUS:
position:16
target:0000000000
STATION:
clockwise:0000000000
counterclockwise:0000000110
TIME:6
BUS:
position:16
target:0000000000
STATION:
clockwise:0000000000
counterclockwise:0000000100
TIME:7
BUS:
position:15
target:0000000000
STATION:
clockwise:0000000000
counterclockwise:0000000100
TIME:8
BUS:
position:14
target:0000000000
STATION:
clockwise:0000000000
counterclockwise:0000000100
TIME:9
BUS:
position:14
target:0000000000
STATION:
clockwise:0000000000
counterclockwise:0000000000
end
