TIME:0
BUS:
position:0
target:0000000000
STATION:
clockwise:0000000000
counterclockwise:0000000000
TIME:1
BUS:
position:0
target:0000000000
STATION:
clockwise:0000000000
counterclockwise:0000000000
TIME:2
BUS:
position:1
target:0000000000
STATION:
clockwise:0100000000
counterclockwise:0000000000
TIME:3
BUS:
position:2
target:0000000001
STATION:
clockwise:0100000000
counterclockwise:0000000000
TIME:4
BUS:
position:2
target:0000000001
STATION:
clockwise:0000000000
counterclockwise:0000000000
TIME:5
BUS:
position:1
target:0000000001
STATION:
clockwise:0000000000
counterclockwise:0000000000
TIME:6
BUS:
position:0
target:0000000001
STATION:
clockwise:0010000000
counterclockwise:0000000000
TIME:7
BUS:
position:19
target:0000000001
STATION:
clockwise:0010000000
counterclockwise:0000000000
TIME:8
BUS:
position:18
target:0000000011
STATION:
clockwise:0010000000
counterclockwise:0000000000
TIME:9
BUS:
position:18
target:0000000010
STATION:
clockwise:0010000000
counterclockwise:0000000000
TIME:10
BUS:
position:19
target:0000000010
STATION:
clockwise:0010000000
counterclockwise:0000000000
TIME:11
BUS:
position:0
target:0000000010
STATION:
clockwise:0010000000
counterclockwise:0000000000
TIME:12
BUS:
position:1
target:0000000010
STATION:
clockwise:0010000000
counterclockwise:0000000000
TIME:13
BUS:
position:2
target:0000000010
STATION:
clockwise:0010000000
counterclockwise:0000000000
TIME:14
BUS:
position:3
target:0000000010
STATION:
clockwise:0010000000
counterclockwise:0000000000
TIME:15
BUS:
position:4
target:0000000010
STATION:
clockwise:0010000000
counterclockwise:0000000000
TIME:16
BUS:
position:4
target:0000000010
STATION:
clockwise:0000000000
counterclockwise:0000000000
TIME:17
BUS:
position:3
target:0000000010
STATION:
clockwise:0000000000
counterclockwise:0000000000
TIME:18
BUS:
position:2
target:0000000010
STATION:
clockwise:0000000000
counterclockwise:0000000000
TIME:19
BUS:
position:1
target:0000000010
STATION:
clockwise:0000000000
counterclockwise:0000000000
TIME:20
BUS:
position:0
target:0000000010
STATION:
clockwise:0000000000
counterclockwise:0000000000
TIME:21
BUS:
position:19
target:0000000010
STATION:
clockwise:0000000000
counterclockwise:0000000000
TIME:22
BUS:
position:18
target:0000000010
STATION:
clockwise:0000000000
counterclockwise:0000000000
TIME:23
BUS:
position:17
target:0000000010
STATION:
clockwise:0000000000
counterclockwise:0000000000
TIME:24
BUS:
position:16
target:0000000010
STATION:
clockwise:0000000000
counterclockwise:0000000000
TIME:25
BUS:
position:16
target:0000000000
STATION:
clockwise:0000000000
counterclockwise:0000000000
end
